2016-04-20 16:22:28,692 DEBUG o.s.t.c.j.SpringJUnit4ClassRunner [main] SpringJUnit4ClassRunner constructor called with [class com.apakgroup.training.tutorial.model.PriceRecordDAOTest].
2016-04-20 16:22:28,692 DEBUG o.s.t.c.BootstrapUtils [main] Instantiating TestContextBootstrapper from class [org.springframework.test.context.support.DefaultTestContextBootstrapper]
2016-04-20 16:22:28,707 TRACE o.s.t.c.s.ContextLoaderUtils [main] Retrieved @ContextConfiguration attributes [{name=, value=[], classes=[], loader=interface org.springframework.test.context.ContextLoader, initializers=[], inheritInitializers=true, inheritLocations=true, locations=[classpath*:spring/applicationContext.xml]}] for declaring class [com.apakgroup.training.tutorial.model.PriceRecordDAOTest].
2016-04-20 16:22:28,707 TRACE o.s.t.c.s.ContextLoaderUtils [main] Resolved context configuration attributes: [ContextConfigurationAttributes@665fa15c declaringClass = 'com.apakgroup.training.tutorial.model.PriceRecordDAOTest', classes = '{}', locations = '{classpath*:spring/applicationContext.xml}', inheritLocations = true, initializers = '{}', inheritInitializers = true, name = [null], contextLoaderClass = 'org.springframework.test.context.ContextLoader']
2016-04-20 16:22:28,707 TRACE o.s.t.c.s.DefaultTestContextBootstrapper [main] Resolving ContextLoader for context configuration attributes [ContextConfigurationAttributes@665fa15c declaringClass = 'com.apakgroup.training.tutorial.model.PriceRecordDAOTest', classes = '{}', locations = '{classpath*:spring/applicationContext.xml}', inheritLocations = true, initializers = '{}', inheritInitializers = true, name = [null], contextLoaderClass = 'org.springframework.test.context.ContextLoader']
2016-04-20 16:22:28,707 TRACE o.s.t.c.s.DefaultTestContextBootstrapper [main] Using ContextLoader class [org.springframework.test.context.support.DelegatingSmartContextLoader] for test class [com.apakgroup.training.tutorial.model.PriceRecordDAOTest]
2016-04-20 16:22:28,707 TRACE o.s.t.c.s.DefaultTestContextBootstrapper [main] Processing locations and classes for context configuration attributes [ContextConfigurationAttributes@665fa15c declaringClass = 'com.apakgroup.training.tutorial.model.PriceRecordDAOTest', classes = '{}', locations = '{classpath*:spring/applicationContext.xml}', inheritLocations = true, initializers = '{}', inheritInitializers = true, name = [null], contextLoaderClass = 'org.springframework.test.context.ContextLoader']
2016-04-20 16:22:28,707 DEBUG o.s.t.c.s.AbstractDelegatingSmartContextLoader [main] Delegating to GenericXmlContextLoader to process context configuration [ContextConfigurationAttributes@665fa15c declaringClass = 'com.apakgroup.training.tutorial.model.PriceRecordDAOTest', classes = '{}', locations = '{classpath*:spring/applicationContext.xml}', inheritLocations = true, initializers = '{}', inheritInitializers = true, name = [null], contextLoaderClass = 'org.springframework.test.context.ContextLoader'].
2016-04-20 16:22:28,707 TRACE o.s.t.c.s.ApplicationContextInitializerUtils [main] Processing context initializers for context configuration attributes [ContextConfigurationAttributes@665fa15c declaringClass = 'com.apakgroup.training.tutorial.model.PriceRecordDAOTest', classes = '{}', locations = '{classpath*:spring/applicationContext.xml}', inheritLocations = true, initializers = '{}', inheritInitializers = true, name = [null], contextLoaderClass = 'org.springframework.test.context.ContextLoader']
2016-04-20 16:22:28,723 DEBUG o.s.t.c.s.ActiveProfilesUtils [main] Could not find an 'annotation declaring class' for annotation type [org.springframework.test.context.ActiveProfiles] and class [com.apakgroup.training.tutorial.model.PriceRecordDAOTest]
2016-04-20 16:22:28,723 DEBUG o.s.t.c.s.DefaultTestContextBootstrapper [main] @TestExecutionListeners is not present for class [com.apakgroup.training.tutorial.model.PriceRecordDAOTest]: using defaults.
2016-04-20 16:22:28,723 INFO o.s.t.c.s.DefaultTestContextBootstrapper [main] Loaded default TestExecutionListener class names from location [META-INF/spring.factories]: [org.springframework.test.context.web.ServletTestExecutionListener, org.springframework.test.context.support.DependencyInjectionTestExecutionListener, org.springframework.test.context.support.DirtiesContextTestExecutionListener, org.springframework.test.context.transaction.TransactionalTestExecutionListener, org.springframework.test.context.jdbc.SqlScriptsTestExecutionListener]
2016-04-20 16:22:28,739 INFO o.s.t.c.s.DefaultTestContextBootstrapper [main] Could not instantiate TestExecutionListener [org.springframework.test.context.web.ServletTestExecutionListener]. Specify custom listener classes or make the default listener classes (and their required dependencies) available. Offending class: [javax/servlet/ServletContext]
2016-04-20 16:22:28,739 INFO o.s.t.c.s.DefaultTestContextBootstrapper [main] Using TestExecutionListeners: [org.springframework.test.context.support.DependencyInjectionTestExecutionListener@261ee463, org.springframework.test.context.support.DirtiesContextTestExecutionListener@36243322, org.springframework.test.context.transaction.TransactionalTestExecutionListener@29918f3, org.springframework.test.context.jdbc.SqlScriptsTestExecutionListener@1134fada]
2016-04-20 16:22:28,739 TRACE o.s.t.c.TestContextManager [main] Registering TestExecutionListener: org.springframework.test.context.support.DependencyInjectionTestExecutionListener@261ee463
2016-04-20 16:22:28,739 TRACE o.s.t.c.TestContextManager [main] Registering TestExecutionListener: org.springframework.test.context.support.DirtiesContextTestExecutionListener@36243322
2016-04-20 16:22:28,739 TRACE o.s.t.c.TestContextManager [main] Registering TestExecutionListener: org.springframework.test.context.transaction.TransactionalTestExecutionListener@29918f3
2016-04-20 16:22:28,739 TRACE o.s.t.c.TestContextManager [main] Registering TestExecutionListener: org.springframework.test.context.jdbc.SqlScriptsTestExecutionListener@1134fada
2016-04-20 16:22:28,739 DEBUG o.s.t.a.ProfileValueUtils [main] Retrieved @ProfileValueSourceConfiguration [null] for test class [com.apakgroup.training.tutorial.model.PriceRecordDAOTest]
2016-04-20 16:22:28,739 DEBUG o.s.t.a.ProfileValueUtils [main] Retrieved ProfileValueSource type [class org.springframework.test.annotation.SystemProfileValueSource] for class [com.apakgroup.training.tutorial.model.PriceRecordDAOTest]
2016-04-20 16:22:28,739 DEBUG o.s.t.a.ProfileValueUtils [main] Retrieved @ProfileValueSourceConfiguration [null] for test class [com.apakgroup.training.tutorial.model.PriceRecordDAOTest]
2016-04-20 16:22:28,739 DEBUG o.s.t.a.ProfileValueUtils [main] Retrieved ProfileValueSource type [class org.springframework.test.annotation.SystemProfileValueSource] for class [com.apakgroup.training.tutorial.model.PriceRecordDAOTest]
2016-04-20 16:22:28,739 DEBUG o.s.t.a.ProfileValueUtils [main] Retrieved @ProfileValueSourceConfiguration [null] for test class [com.apakgroup.training.tutorial.model.PriceRecordDAOTest]
2016-04-20 16:22:28,739 DEBUG o.s.t.a.ProfileValueUtils [main] Retrieved ProfileValueSource type [class org.springframework.test.annotation.SystemProfileValueSource] for class [com.apakgroup.training.tutorial.model.PriceRecordDAOTest]
2016-04-20 16:22:28,739 DEBUG o.s.t.a.ProfileValueUtils [main] Retrieved @ProfileValueSourceConfiguration [null] for test class [com.apakgroup.training.tutorial.model.PriceRecordDAOTest]
2016-04-20 16:22:28,739 DEBUG o.s.t.a.ProfileValueUtils [main] Retrieved ProfileValueSource type [class org.springframework.test.annotation.SystemProfileValueSource] for class [com.apakgroup.training.tutorial.model.PriceRecordDAOTest]
